<?xml version="1.0" encoding="UTF-8"?>
<testng-results ignored="0" total="1" passed="1" failed="0" skipped="0">
  <reporter-output>
  </reporter-output>
  <suite started-at="2025-01-09T17:49:22 IST" name="Suite" finished-at="2025-01-09T17:49:22 IST" duration-ms="65">
    <groups>
    </groups>
    <test started-at="2025-01-09T17:49:22 IST" name="Test" finished-at="2025-01-09T17:49:22 IST" duration-ms="65">
      <class name="myClasstest">
        <test-method signature="ggg()[pri:0, instance:myClasstest@4b013c76]" started-at="2025-01-09T17:49:22 IST" name="ggg" finished-at="2025-01-09T17:49:22 IST" duration-ms="8" status="PASS">
          <reporter-output>
          </reporter-output>
        </test-method> <!-- ggg -->
      </class> <!-- myClasstest -->
    </test> <!-- Test -->
  </suite> <!-- Suite -->
</testng-results>
