<?xml version="1.0" encoding="UTF-8"?>
<testng-results ignored="0" total="2" passed="2" failed="0" skipped="0">
  <reporter-output>
  </reporter-output>
  <suite started-at="2025-01-03T13:08:26 IST" name="Default suite" finished-at="2025-01-03T13:08:29 IST" duration-ms="3298">
    <groups>
    </groups>
    <test started-at="2025-01-03T13:08:26 IST" name="Default test" finished-at="2025-01-03T13:08:29 IST" duration-ms="3298">
      <class name="tests.newRestWithReport">
        <test-method is-config="true" signature="setup()[pri:0, instance:tests.newRestWithReport@312aa7c]" started-at="2025-01-03T13:08:26 IST" name="setup" finished-at="2025-01-03T13:08:26 IST" duration-ms="262" status="PASS">
          <reporter-output>
          </reporter-output>
        </test-method> <!-- setup -->
        <test-method signature="testGet()[pri:0, instance:tests.newRestWithReport@312aa7c]" started-at="2025-01-03T13:08:26 IST" name="testGet" finished-at="2025-01-03T13:08:28 IST" duration-ms="2173" status="PASS">
          <reporter-output>
          </reporter-output>
        </test-method> <!-- testGet -->
        <test-method signature="testPost()[pri:0, instance:tests.newRestWithReport@312aa7c]" started-at="2025-01-03T13:08:28 IST" name="testPost" finished-at="2025-01-03T13:08:29 IST" duration-ms="494" status="PASS">
          <reporter-output>
          </reporter-output>
        </test-method> <!-- testPost -->
        <test-method is-config="true" signature="tearDown()[pri:0, instance:tests.newRestWithReport@312aa7c]" started-at="2025-01-03T13:08:29 IST" name="tearDown" finished-at="2025-01-03T13:08:29 IST" duration-ms="319" status="PASS">
          <reporter-output>
          </reporter-output>
        </test-method> <!-- tearDown -->
      </class> <!-- tests.newRestWithReport -->
    </test> <!-- Default test -->
  </suite> <!-- Default suite -->
</testng-results>
