<?xml version="1.0" encoding="UTF-8"?>
<testng-results ignored="0" total="1" passed="1" failed="0" skipped="0">
  <reporter-output>
  </reporter-output>
  <suite started-at="2025-01-09T15:50:13 IST" name="Suite" finished-at="2025-01-09T15:50:15 IST" duration-ms="1591">
    <groups>
    </groups>
    <test started-at="2025-01-09T15:50:13 IST" name="Test" finished-at="2025-01-09T15:50:15 IST" duration-ms="1591">
      <class name="tests.UsersLoginDetail">
        <test-method signature="getAllUser()[pri:0, instance:tests.UsersLoginDetail@712625fd]" started-at="2025-01-09T15:50:13 IST" name="getAllUser" finished-at="2025-01-09T15:50:15 IST" duration-ms="1541" status="PASS">
          <reporter-output>
          </reporter-output>
        </test-method> <!-- getAllUser -->
      </class> <!-- tests.UsersLoginDetail -->
    </test> <!-- Test -->
  </suite> <!-- Suite -->
</testng-results>
