<?xml version="1.0" encoding="UTF-8"?>
<testng-results ignored="0" total="2" passed="2" failed="0" skipped="0">
  <reporter-output>
  </reporter-output>
  <suite started-at="2025-01-03T13:11:54 IST" name="Surefire suite" finished-at="2025-01-03T13:11:57 IST" duration-ms="3040">
    <groups>
    </groups>
    <test started-at="2025-01-03T13:11:54 IST" name="Surefire test" finished-at="2025-01-03T13:11:57 IST" duration-ms="3040">
      <class name="tests.newRestWithReport">
        <test-method is-config="true" signature="setup()[pri:0, instance:tests.newRestWithReport@1de76cc7]" started-at="2025-01-03T13:11:54 IST" name="setup" finished-at="2025-01-03T13:11:55 IST" duration-ms="215" status="PASS">
          <reporter-output>
          </reporter-output>
        </test-method> <!-- setup -->
        <test-method signature="testGet()[pri:0, instance:tests.newRestWithReport@1de76cc7]" started-at="2025-01-03T13:11:55 IST" name="testGet" finished-at="2025-01-03T13:11:57 IST" duration-ms="2062" status="PASS">
          <reporter-output>
          </reporter-output>
        </test-method> <!-- testGet -->
        <test-method signature="testPost()[pri:0, instance:tests.newRestWithReport@1de76cc7]" started-at="2025-01-03T13:11:57 IST" name="testPost" finished-at="2025-01-03T13:11:57 IST" duration-ms="441" status="PASS">
          <reporter-output>
          </reporter-output>
        </test-method> <!-- testPost -->
        <test-method is-config="true" signature="tearDown()[pri:0, instance:tests.newRestWithReport@1de76cc7]" started-at="2025-01-03T13:11:57 IST" name="tearDown" finished-at="2025-01-03T13:11:57 IST" duration-ms="278" status="PASS">
          <reporter-output>
          </reporter-output>
        </test-method> <!-- tearDown -->
      </class> <!-- tests.newRestWithReport -->
    </test> <!-- Surefire test -->
  </suite> <!-- Surefire suite -->
</testng-results>
